Сбор версий программ

PLAY [Задача-сборщик информации с других машин] ********************************

TASK [Gathering Facts] *********************************************************
ok: [server1]

TASK [Перенос файл-скрипта на удаленные машины] ********************************
ok: [server1]

TASK [Запуск скрипта] **********************************************************
changed: [server1]

TASK [Создание и сохранение файла с версиями пакетов] **************************
ok: [server1 -> localhost]

PLAY RECAP *********************************************************************
server1                    : ok=4    changed=1    unreachable=0    failed=0   

Сравнение версий программ
Готов
Сбор версий программ

PLAY [Задача-сборщик информации с других машин] ********************************

TASK [Gathering Facts] *********************************************************
ok: [server1]

TASK [Перенос файл-скрипта на удаленные машины] ********************************
ok: [server1]

TASK [Запуск скрипта] **********************************************************
changed: [server1]

TASK [Создание и сохранение файла с версиями пакетов] **************************
changed: [server1 -> localhost]

PLAY RECAP *********************************************************************
server1                    : ok=4    changed=2    unreachable=0    failed=0   

Сравнение версий программ
Готов
Сбор версий программ

PLAY [Задача-сборщик информации с других машин] ********************************

TASK [Gathering Facts] *********************************************************
ok: [server1]

TASK [Перенос файл-скрипта на удаленные машины] ********************************
ok: [server1]

TASK [Запуск скрипта] **********************************************************
changed: [server1]

TASK [Создание и сохранение файла с версиями пакетов] **************************
changed: [server1 -> localhost]

PLAY RECAP *********************************************************************
server1                    : ok=4    changed=2    unreachable=0    failed=0   

Сравнение версий программ
Готов
Сбор версий программ

PLAY [Задача-сборщик информации с других машин] ********************************

TASK [Gathering Facts] *********************************************************
ok: [server1]

TASK [Перенос файл-скрипта на удаленные машины] ********************************
ok: [server1]

TASK [Запуск скрипта] **********************************************************
changed: [server1]

TASK [Создание и сохранение файла с версиями пакетов] **************************
changed: [server1 -> localhost]

PLAY RECAP *********************************************************************
server1                    : ok=4    changed=2    unreachable=0    failed=0   

Сравнение версий программ
Готов
Сбор версий программ

PLAY [Задача-сборщик информации с других машин] ********************************

TASK [Gathering Facts] *********************************************************
ok: [server1]

TASK [Перенос файл-скрипта на удаленные машины] ********************************
ok: [server1]

TASK [Запуск скрипта] **********************************************************
changed: [server1]

TASK [Создание и сохранение файла с версиями пакетов] **************************
changed: [server1 -> localhost]

PLAY RECAP *********************************************************************
server1                    : ok=4    changed=2    unreachable=0    failed=0   

Сравнение версий программ
Готов
Сбор версий программ

PLAY [Задача-сборщик информации с других машин] ********************************

TASK [Gathering Facts] *********************************************************
ok: [server1]

TASK [Перенос файл-скрипта на удаленные машины] ********************************
ok: [server1]

TASK [Запуск скрипта] **********************************************************
changed: [server1]

TASK [Создание и сохранение файла с версиями пакетов] **************************
changed: [server1 -> localhost]

PLAY RECAP *********************************************************************
server1                    : ok=4    changed=2    unreachable=0    failed=0   

Сравнение версий программ
Готов
Сбор версий программ

PLAY [Задача-сборщик информации с других машин] ********************************

TASK [Gathering Facts] *********************************************************
ok: [server1]

TASK [Перенос файл-скрипта на удаленные машины] ********************************
ok: [server1]

TASK [Запуск скрипта] **********************************************************
changed: [server1]

TASK [Создание и сохранение файла с версиями пакетов] **************************
changed: [server1 -> localhost]

PLAY RECAP *********************************************************************
server1                    : ok=4    changed=2    unreachable=0    failed=0   

Сравнение версий программ
Готов
Сбор версий программ

PLAY [Задача-сборщик информации с других машин] ********************************

TASK [Gathering Facts] *********************************************************
ok: [server1]

TASK [Перенос файл-скрипта на удаленные машины] ********************************
ok: [server1]

TASK [Запуск скрипта] **********************************************************
changed: [server1]

TASK [Создание и сохранение файла с версиями пакетов] **************************
changed: [server1 -> localhost]

PLAY RECAP *********************************************************************
server1                    : ok=4    changed=2    unreachable=0    failed=0   

Сравнение версий программ
Готов
Сбор версий программ

PLAY [Задача-сборщик информации с других машин] ********************************

TASK [Gathering Facts] *********************************************************
ok: [server1]

TASK [Перенос файл-скрипта на удаленные машины] ********************************
changed: [server1]

TASK [Запуск скрипта] **********************************************************
changed: [server1]

TASK [Создание и сохранение файла с версиями пакетов] **************************
changed: [server1 -> localhost]

PLAY RECAP *********************************************************************
server1                    : ok=4    changed=3    unreachable=0    failed=0   

Сравнение версий программ
Готов
Сбор версий программ

PLAY [Задача-сборщик информации с других машин] ********************************

TASK [Gathering Facts] *********************************************************
ok: [server1]

TASK [Перенос файл-скрипта на удаленные машины] ********************************
ok: [server1]

TASK [Запуск скрипта] **********************************************************
changed: [server1]

TASK [Создание и сохранение файла с версиями пакетов] **************************
changed: [server1 -> localhost]

PLAY RECAP *********************************************************************
server1                    : ok=4    changed=2    unreachable=0    failed=0   

Сравнение версий программ
Готов
Сбор версий программ

PLAY [Задача-сборщик информации с других машин] ********************************

TASK [Gathering Facts] *********************************************************
ok: [server1]

TASK [Перенос файл-скрипта на удаленные машины] ********************************
ok: [server1]

TASK [Запуск скрипта] **********************************************************
changed: [server1]

TASK [Создание и сохранение файла с версиями пакетов] **************************
changed: [server1 -> localhost]

PLAY RECAP *********************************************************************
server1                    : ok=4    changed=2    unreachable=0    failed=0   

Сравнение версий программ
Готов
Сбор версий программ

PLAY [Задача-сборщик информации с других машин] ********************************

TASK [Gathering Facts] *********************************************************
ok: [server1]

TASK [Перенос файл-скрипта на удаленные машины] ********************************
ok: [server1]

TASK [Запуск скрипта] **********************************************************
changed: [server1]

TASK [Создание и сохранение файла с версиями пакетов] **************************
changed: [server1 -> localhost]

PLAY RECAP *********************************************************************
server1                    : ok=4    changed=2    unreachable=0    failed=0   

Сравнение версий программ
Готов
